<?xml version="1.0" encoding="UTF-8"?>
<!-- Generated by org.testng.reporters.JUnitReportReporter -->
<testsuite hostname="SHASHANK" failures="0" tests="1" name="SerializationDeserialization.SerializationUsingObject1" time="0.231" errors="0" timestamp="2022-09-22T17:14:35 IST" skipped="0">
  <testcase classname="SerializationDeserialization.SerializationUsingObject1" name="SerializationUsingObject1Test" time="0.231"/>
  <system-out/>
</testsuite> <!-- SerializationDeserialization.SerializationUsingObject1 -->
