<?xml version="1.0" encoding="UTF-8"?>
<!-- Generated by org.testng.reporters.JUnitReportReporter -->
<testsuite hostname="SHASHANK" failures="0" tests="1" name="requestChaining.CreateProjectAndGetAndDelete" time="1.949" errors="0" timestamp="2022-09-28T13:54:28 IST" skipped="0">
  <testcase classname="requestChaining.CreateProjectAndGetAndDelete" name="createGetDelete" time="1.949"/>
  <system-out/>
</testsuite> <!-- requestChaining.CreateProjectAndGetAndDelete -->
