<?xml version="1.0" encoding="UTF-8"?>
<!-- Generated by org.testng.reporters.JUnitReportReporter -->
<testsuite hostname="SHASHANK" failures="0" tests="1" name="SerializationDeserialization.SerializationUsingArray" time="0.150" errors="0" timestamp="2022-09-21T15:25:19 IST" skipped="0">
  <testcase classname="SerializationDeserialization.SerializationUsingArray" name="SerializationUsingArrayTest" time="0.150"/>
  <system-out/>
</testsuite> <!-- SerializationDeserialization.SerializationUsingArray -->
