<?xml version="1.0" encoding="UTF-8"?>
<!-- Generated by org.testng.reporters.JUnitReportReporter -->
<testsuite hostname="SHASHANK" failures="0" tests="1" name="bddCRUDoperations.DeleteProjectTest" time="1.235" errors="0" timestamp="2022-09-28T13:43:10 IST" skipped="0">
  <testcase classname="bddCRUDoperations.DeleteProjectTest" name="deleteProject" time="1.235"/>
  <system-out/>
</testsuite> <!-- bddCRUDoperations.DeleteProjectTest -->
