<?xml version="1.0" encoding="UTF-8"?>
<!-- Generated by org.testng.reporters.JUnitReportReporter -->
<testsuite hostname="SHASHANK" failures="0" tests="1" name="DifferentWaysToPost.CreateProjectUsingJSONfile" time="1.593" errors="0" timestamp="2022-09-27T22:54:10 IST" skipped="0">
  <testcase classname="DifferentWaysToPost.CreateProjectUsingJSONfile" name="createProject" time="1.593"/>
  <system-out/>
</testsuite> <!-- DifferentWaysToPost.CreateProjectUsingJSONfile -->
