<?xml version="1.0" encoding="UTF-8"?>
<!-- Generated by org.testng.reporters.JUnitReportReporter -->
<testsuite hostname="SHASHANK" failures="0" tests="1" name="parameters.QueryParameter" time="2.433" errors="0" timestamp="2022-09-28T12:05:31 IST" skipped="0">
  <testcase classname="parameters.QueryParameter" name="queryparameter" time="2.433"/>
  <system-out/>
</testsuite> <!-- parameters.QueryParameter -->
