<?xml version="1.0" encoding="UTF-8"?>
<!-- Generated by org.testng.reporters.JUnitReportReporter -->
<testsuite hostname="SHASHANK" failures="0" tests="1" name="basicCRUDoperation.UpdateProjectTest" time="1.955" errors="0" timestamp="2022-09-22T18:07:28 IST" skipped="0">
  <testcase classname="basicCRUDoperation.UpdateProjectTest" name="UpdateProject" time="1.955"/>
  <system-out/>
</testsuite> <!-- basicCRUDoperation.UpdateProjectTest -->
