<?xml version="1.0" encoding="UTF-8"?>
<!-- Generated by org.testng.reporters.JUnitReportReporter -->
<testsuite hostname="SHASHANK" failures="0" tests="1" name="ResponseValidation.ResponseTimeValidation" time="1.276" errors="0" timestamp="2022-09-28T10:40:05 IST" skipped="0">
  <testcase classname="ResponseValidation.ResponseTimeValidation" name="responseTime" time="1.276"/>
  <system-out/>
</testsuite> <!-- ResponseValidation.ResponseTimeValidation -->
