<?xml version="1.0" encoding="UTF-8"?>
<!-- Generated by org.testng.reporters.JUnitReportReporter -->
<testsuite hostname="SHASHANK" failures="0" tests="1" name="parameters.FormParameter" time="1.862" errors="0" timestamp="2022-09-28T12:12:19 IST" skipped="0">
  <testcase classname="parameters.FormParameter" name="formparameter" time="1.862"/>
  <system-out/>
</testsuite> <!-- parameters.FormParameter -->
