<?xml version="1.0" encoding="UTF-8"?>
<!-- Generated by org.testng.reporters.JUnitReportReporter -->
<testsuite hostname="SHASHANK" failures="0" tests="1" name="bddCRUDoperations.UpdateProjectTest" time="2.261" errors="0" timestamp="2022-09-27T21:43:44 IST" skipped="0">
  <testcase classname="bddCRUDoperations.UpdateProjectTest" name="updateProject" time="2.261"/>
  <system-out/>
</testsuite> <!-- bddCRUDoperations.UpdateProjectTest -->
