<?xml version="1.0" encoding="UTF-8"?>
<!-- Generated by org.testng.reporters.JUnitReportReporter -->
<testsuite hostname="SHASHANK" failures="0" tests="1" name="parameters.PathParameter" time="2.017" errors="0" timestamp="2022-09-28T12:01:21 IST" skipped="0">
  <testcase classname="parameters.PathParameter" name="pathparameter" time="2.017"/>
  <system-out/>
</testsuite> <!-- parameters.PathParameter -->
