<?xml version="1.0" encoding="UTF-8"?>
<!-- Generated by org.testng.reporters.JUnitReportReporter -->
<testsuite hostname="SHASHANK" failures="0" tests="1" name="SerializationDeserialization.Serialization" time="0.145" errors="0" timestamp="2022-09-21T14:52:05 IST" skipped="0">
  <testcase classname="SerializationDeserialization.Serialization" name="serializationTest" time="0.145"/>
  <system-out/>
</testsuite> <!-- SerializationDeserialization.Serialization -->
