<?xml version="1.0" encoding="UTF-8"?>
<!-- Generated by org.testng.reporters.JUnitReportReporter -->
<testsuite hostname="SHASHANK" failures="0" tests="1" name="authentications.oauth2_0Authentication" time="2.850" errors="0" timestamp="2022-09-28T16:52:19 IST" skipped="0">
  <testcase classname="authentications.oauth2_0Authentication" name="oauth2_0auth" time="2.850"/>
  <system-out/>
</testsuite> <!-- authentications.oauth2_0Authentication -->
