<?xml version="1.0" encoding="UTF-8"?>
<!-- Generated by org.testng.reporters.JUnitReportReporter -->
<testsuite hostname="SHASHANK" failures="0" tests="1" name="SerializationDeserialization.Deserialization" time="0.180" errors="0" timestamp="2022-09-22T17:17:01 IST" skipped="0">
  <testcase classname="SerializationDeserialization.Deserialization" name="deserializationTest" time="0.180"/>
  <system-out/>
</testsuite> <!-- SerializationDeserialization.Deserialization -->
