<?xml version="1.0" encoding="UTF-8"?>
<!-- Generated by org.testng.reporters.JUnitReportReporter -->
<testsuite hostname="SHASHANK" failures="0" tests="1" name="DifferentWaysToPost.CreateProjectUsingJSONobject" time="2.126" errors="0" timestamp="2022-09-27T21:44:05 IST" skipped="0">
  <testcase classname="DifferentWaysToPost.CreateProjectUsingJSONobject" name="createProject" time="2.126"/>
  <system-out/>
</testsuite> <!-- DifferentWaysToPost.CreateProjectUsingJSONobject -->
