<?xml version="1.0" encoding="UTF-8"?>
<!-- Generated by org.testng.reporters.JUnitReportReporter -->
<testsuite hostname="SHASHANK" failures="0" tests="1" name="basicCRUDoperation.DeleteProjectTest" time="1.139" errors="0" timestamp="2022-09-28T13:49:55 IST" skipped="0">
  <testcase classname="basicCRUDoperation.DeleteProjectTest" name="DeleteProject" time="1.139"/>
  <system-out/>
</testsuite> <!-- basicCRUDoperation.DeleteProjectTest -->
