<?xml version="1.0" encoding="UTF-8"?>
<!-- Generated by org.testng.reporters.JUnitReportReporter -->
<testsuite hostname="SHASHANK" failures="0" tests="1" name="bddCRUDoperations.CreateProjectTest" time="2.288" errors="0" timestamp="2022-09-27T21:13:23 IST" skipped="0">
  <testcase classname="bddCRUDoperations.CreateProjectTest" name="CreateProject" time="2.288"/>
  <system-out/>
</testsuite> <!-- bddCRUDoperations.CreateProjectTest -->
