<?xml version="1.0" encoding="UTF-8"?>
<!-- Generated by org.testng.reporters.JUnitReportReporter -->
<testsuite hostname="SHASHANK" failures="0" tests="1" name="DifferentWaysToPost.CreateProjectUsingFormParameter" time="1.784" errors="0" timestamp="2022-09-28T12:13:21 IST" skipped="0">
  <testcase classname="DifferentWaysToPost.CreateProjectUsingFormParameter" name="formparameter" time="1.784"/>
  <system-out/>
</testsuite> <!-- DifferentWaysToPost.CreateProjectUsingFormParameter -->
