<?xml version="1.0" encoding="UTF-8"?>
<!-- Generated by org.testng.reporters.JUnitReportReporter -->
<testsuite hostname="SHASHANK" failures="0" tests="1" name="DifferentWaysToPost.CreateProjectUsingHashMap" time="1.757" errors="0" timestamp="2022-09-27T21:59:06 IST" skipped="0">
  <testcase classname="DifferentWaysToPost.CreateProjectUsingHashMap" name="createProjectHashMap" time="1.757"/>
  <system-out/>
</testsuite> <!-- DifferentWaysToPost.CreateProjectUsingHashMap -->
