<?xml version="1.0" encoding="UTF-8"?>
<!-- Generated by org.testng.reporters.JUnitReportReporter -->
<testsuite hostname="SHASHANK" failures="0" tests="1" name="requestChaining.CreateUpdateGetDelete" time="2.066" errors="0" timestamp="2022-09-28T17:08:00 IST" skipped="0">
  <testcase classname="requestChaining.CreateUpdateGetDelete" name="cretaeUpdateGetDelete" time="2.066"/>
  <system-out/>
</testsuite> <!-- requestChaining.CreateUpdateGetDelete -->
