<?xml version="1.0" encoding="UTF-8"?>
<!-- Generated by org.testng.reporters.JUnitReportReporter -->
<testsuite hostname="SHASHANK" failures="0" tests="1" name="authentications.bearerToken" time="4.590" errors="0" timestamp="2022-09-28T15:25:43 IST" skipped="0">
  <testcase classname="authentications.bearerToken" name="BearerToken" time="4.590"/>
  <system-out/>
</testsuite> <!-- authentications.bearerToken -->
