<?xml version="1.0" encoding="UTF-8"?>
<!-- Generated by org.testng.reporters.JUnitReportReporter -->
<testsuite hostname="SHASHANK" failures="0" tests="3" name="authentications.basicAuthentication" time="2.409" errors="0" timestamp="2022-09-28T15:17:48 IST" skipped="0">
  <testcase classname="authentications.basicAuthentication" name="digestiveAuthentication" time="0.135"/>
  <system-out/>
  <testcase classname="authentications.basicAuthentication" name="BasicAuth" time="2.137"/>
  <system-out/>
  <testcase classname="authentications.basicAuthentication" name="preemptiveAuth" time="0.137"/>
  <system-out/>
</testsuite> <!-- authentications.basicAuthentication -->
