<?xml version="1.0" encoding="UTF-8"?>
<!-- Generated by org.testng.reporters.JUnitReportReporter -->
<testsuite hostname="SHASHANK" failures="0" tests="1" name="requestChaining.CreateProjectAndGet" time="2.171" errors="0" timestamp="2022-09-28T13:20:09 IST" skipped="0">
  <testcase classname="requestChaining.CreateProjectAndGet" name="createandGet" time="2.171"/>
  <system-out/>
</testsuite> <!-- requestChaining.CreateProjectAndGet -->
