<?xml version="1.0" encoding="UTF-8"?>
<!-- Generated by org.testng.reporters.JUnitReportReporter -->
<testsuite hostname="SHASHANK" failures="0" tests="1" name="basicCRUDoperation.GetAllProjectsTest" time="1.398" errors="0" timestamp="2022-09-22T17:42:34 IST" skipped="0">
  <testcase classname="basicCRUDoperation.GetAllProjectsTest" name="getAllProject" time="1.398"/>
  <system-out/>
</testsuite> <!-- basicCRUDoperation.GetAllProjectsTest -->
