<?xml version="1.0" encoding="UTF-8"?>
<!-- Generated by org.testng.reporters.JUnitReportReporter -->
<testsuite hostname="SHASHANK" failures="0" tests="1" name="bddCRUDoperations.GetAllProjectTest" time="1.935" errors="0" timestamp="2022-09-27T21:13:46 IST" skipped="0">
  <testcase classname="bddCRUDoperations.GetAllProjectTest" name="getallProject" time="1.935"/>
  <system-out/>
</testsuite> <!-- bddCRUDoperations.GetAllProjectTest -->
