<?xml version="1.0" encoding="UTF-8"?>
<!-- Generated by org.testng.reporters.JUnitReportReporter -->
<testsuite hostname="SHASHANK" failures="0" tests="10" name="dataDriven.CreateMultipleProjectWithDiffDataDataDriven" time="1.826" errors="0" timestamp="2022-09-28T10:53:55 IST" skipped="0">
  <testcase classname="dataDriven.CreateMultipleProjectWithDiffDataDataDriven" name="datadriven" time="0.017"/>
  <system-out/>
  <testcase classname="dataDriven.CreateMultipleProjectWithDiffDataDataDriven" name="datadriven" time="0.020"/>
  <system-out/>
  <testcase classname="dataDriven.CreateMultipleProjectWithDiffDataDataDriven" name="datadriven" time="0.022"/>
  <system-out/>
  <testcase classname="dataDriven.CreateMultipleProjectWithDiffDataDataDriven" name="datadriven" time="0.020"/>
  <system-out/>
  <testcase classname="dataDriven.CreateMultipleProjectWithDiffDataDataDriven" name="datadriven" time="0.020"/>
  <system-out/>
  <testcase classname="dataDriven.CreateMultipleProjectWithDiffDataDataDriven" name="datadriven" time="0.018"/>
  <system-out/>
  <testcase classname="dataDriven.CreateMultipleProjectWithDiffDataDataDriven" name="datadriven" time="0.015"/>
  <system-out/>
  <testcase classname="dataDriven.CreateMultipleProjectWithDiffDataDataDriven" name="datadriven" time="1.645"/>
  <system-out/>
  <testcase classname="dataDriven.CreateMultipleProjectWithDiffDataDataDriven" name="datadriven" time="0.026"/>
  <system-out/>
  <testcase classname="dataDriven.CreateMultipleProjectWithDiffDataDataDriven" name="datadriven" time="0.023"/>
  <system-out/>
</testsuite> <!-- dataDriven.CreateMultipleProjectWithDiffDataDataDriven -->
